<?xml version="1.0" encoding="UTF-8"?>
<testsuite name="com.project.smartbuidingapp.Building.BuildingRepositoryTest" tests="2" skipped="0" failures="0" errors="0" timestamp="2022-11-15T21:35:23" hostname="DESKTOP-54COFT6" time="0.461">
  <properties/>
  <testcase name="canFindByBuildingName()" classname="com.project.smartbuidingapp.Building.BuildingRepositoryTest" time="0.439"/>
  <testcase name="canFindByBuildingID()" classname="com.project.smartbuidingapp.Building.BuildingRepositoryTest" time="0.02"/>
  <system-out><![CDATA[2022-11-15 22:35:23.955  INFO 27904 --- [    Test worker] b.t.a.o.j.DataJpaTestContextBootstrapper : Neither @ContextConfiguration nor @ContextHierarchy found for test class [com.project.smartbuidingapp.Building.BuildingRepositoryTest], using SpringBootContextLoader
2022-11-15 22:35:23.958  INFO 27904 --- [    Test worker] o.s.t.c.support.AbstractContextLoader    : Could not detect default resource locations for test class [com.project.smartbuidingapp.Building.BuildingRepositoryTest]: no resource found for suffixes {-context.xml, Context.groovy}.
2022-11-15 22:35:23.958  INFO 27904 --- [    Test worker] t.c.s.AnnotationConfigContextLoaderUtils : Could not detect default configuration classes for test class [com.project.smartbuidingapp.Building.BuildingRepositoryTest]: BuildingRepositoryTest does not declare any static, non-private, non-final, nested classes annotated with @Configuration.
2022-11-15 22:35:23.968  INFO 27904 --- [    Test worker] .b.t.c.SpringBootTestContextBootstrapper : Found @SpringBootConfiguration com.project.smartbuidingapp.SmartbuidingappApplication for test class com.project.smartbuidingapp.Building.BuildingRepositoryTest
2022-11-15 22:35:23.969  INFO 27904 --- [    Test worker] b.t.a.o.j.DataJpaTestContextBootstrapper : Loaded default TestExecutionListener class names from location [META-INF/spring.factories]: [org.springframework.security.test.context.support.WithSecurityContextTestExecutionListener, org.springframework.security.test.context.support.ReactorContextTestExecutionListener, org.springframework.boot.test.autoconfigure.restdocs.RestDocsTestExecutionListener, org.springframework.boot.test.autoconfigure.web.client.MockRestServiceServerResetTestExecutionListener, org.springframework.boot.test.autoconfigure.web.servlet.MockMvcPrintOnlyOnFailureTestExecutionListener, org.springframework.boot.test.autoconfigure.web.servlet.WebDriverTestExecutionListener, org.springframework.boot.test.autoconfigure.webservices.client.MockWebServiceServerTestExecutionListener, org.springframework.boot.test.mock.mockito.MockitoTestExecutionListener, org.springframework.boot.test.mock.mockito.ResetMocksTestExecutionListener, org.springframework.test.context.web.ServletTestExecutionListener, org.springframework.test.context.support.DirtiesContextBeforeModesTestExecutionListener, org.springframework.test.context.event.ApplicationEventsTestExecutionListener, org.springframework.test.context.support.DependencyInjectionTestExecutionListener, org.springframework.test.context.support.DirtiesContextTestExecutionListener, org.springframework.test.context.transaction.TransactionalTestExecutionListener, org.springframework.test.context.jdbc.SqlScriptsTestExecutionListener, org.springframework.test.context.event.EventPublishingTestExecutionListener]
2022-11-15 22:35:23.973  INFO 27904 --- [    Test worker] b.t.a.o.j.DataJpaTestContextBootstrapper : Using TestExecutionListeners: [org.springframework.test.context.web.ServletTestExecutionListener@6362dcf2, org.springframework.test.context.support.DirtiesContextBeforeModesTestExecutionListener@e4e39a0, org.springframework.test.context.event.ApplicationEventsTestExecutionListener@4febb6e6, org.springframework.boot.test.mock.mockito.MockitoTestExecutionListener@30967756, org.springframework.boot.test.autoconfigure.SpringBootDependencyInjectionTestExecutionListener@45e6b8fa, org.springframework.test.context.support.DirtiesContextTestExecutionListener@3a9a1adf, org.springframework.test.context.transaction.TransactionalTestExecutionListener@28d4c7ec, org.springframework.test.context.jdbc.SqlScriptsTestExecutionListener@2b7b2967, org.springframework.security.test.context.support.WithSecurityContextTestExecutionListener@5baa759a, org.springframework.test.context.event.EventPublishingTestExecutionListener@310cd0d2, org.springframework.security.test.context.support.ReactorContextTestExecutionListener@3f698ab8, org.springframework.boot.test.autoconfigure.restdocs.RestDocsTestExecutionListener@4d2bac23, org.springframework.boot.test.autoconfigure.web.client.MockRestServiceServerResetTestExecutionListener@452506b9, org.springframework.boot.test.autoconfigure.web.servlet.MockMvcPrintOnlyOnFailureTestExecutionListener@1278c48f, org.springframework.boot.test.autoconfigure.web.servlet.WebDriverTestExecutionListener@6137a032, org.springframework.boot.test.autoconfigure.webservices.client.MockWebServiceServerTestExecutionListener@716d4283, org.springframework.boot.test.mock.mockito.ResetMocksTestExecutionListener@1c1082d9]
2022-11-15 22:35:23.981  INFO 27904 --- [    Test worker] o.s.t.c.transaction.TransactionContext   : Began transaction (1) for test context [DefaultTestContext@f905f3e testClass = BuildingRepositoryTest, testInstance = com.project.smartbuidingapp.Building.BuildingRepositoryTest@178e125f, testMethod = canFindByBuildingName@BuildingRepositoryTest, testException = [null], mergedContextConfiguration = [MergedContextConfiguration@1c16b2f7 testClass = BuildingRepositoryTest, locations = '{}', classes = '{class com.project.smartbuidingapp.SmartbuidingappApplication}', contextInitializerClasses = '[]', activeProfiles = '{}', propertySourceLocations = '{}', propertySourceProperties = '{org.springframework.boot.test.autoconfigure.orm.jpa.DataJpaTestContextBootstrapper=true}', contextCustomizers = set[org.springframework.boot.test.autoconfigure.OverrideAutoConfigurationContextCustomizerFactory$DisableAutoConfigurationContextCustomizer@66629f63, org.springframework.boot.test.autoconfigure.actuate.metrics.MetricsExportContextCustomizerFactory$DisableMetricExportContextCustomizer@6b5966e1, org.springframework.boot.test.autoconfigure.filter.TypeExcludeFiltersContextCustomizer@351584c0, org.springframework.boot.test.autoconfigure.properties.PropertyMappingContextCustomizer@1e9759b8, org.springframework.boot.test.autoconfigure.web.servlet.WebDriverContextCustomizerFactory$Customizer@285d851a, [ImportsContextCustomizer@1b10963a key = [org.springframework.boot.autoconfigure.cache.CacheAutoConfiguration, org.springframework.boot.autoconfigure.data.jpa.JpaRepositoriesAutoConfiguration, org.springframework.boot.autoconfigure.flyway.FlywayAutoConfiguration, org.springframework.boot.autoconfigure.jdbc.DataSourceAutoConfiguration, org.springframework.boot.autoconfigure.jdbc.DataSourceTransactionManagerAutoConfiguration, org.springframework.boot.autoconfigure.jdbc.JdbcTemplateAutoConfiguration, org.springframework.boot.autoconfigure.liquibase.LiquibaseAutoConfiguration, org.springframework.boot.autoconfigure.orm.jpa.HibernateJpaAutoConfiguration, org.springframework.boot.autoconfigure.sql.init.SqlInitializationAutoConfiguration, org.springframework.boot.autoconfigure.transaction.TransactionAutoConfiguration, org.springframework.boot.test.autoconfigure.jdbc.TestDatabaseAutoConfiguration, org.springframework.boot.test.autoconfigure.orm.jpa.TestEntityManagerAutoConfiguration]], org.springframework.boot.test.context.filter.ExcludeFilterContextCustomizer@c9413d8, org.springframework.boot.test.json.DuplicateJsonObjectContextCustomizerFactory$DuplicateJsonObjectContextCustomizer@d78795, org.springframework.boot.test.mock.mockito.MockitoContextCustomizer@0, org.springframework.boot.test.context.SpringBootTestArgs@1, org.springframework.boot.test.context.SpringBootTestWebEnvironment@0], contextLoader = 'org.springframework.boot.test.context.SpringBootContextLoader', parent = [null]], attributes = map['org.springframework.test.context.event.ApplicationEventsTestExecutionListener.recordApplicationEvents' -> false]]; transaction manager [org.springframework.orm.jpa.JpaTransactionManager@1387bd84]; rollback [true]
Hibernate: 
    select
        buildingen0_.id as id1_0_1_,
        buildingen0_.building_address as building2_0_1_,
        buildingen0_.building_age as building3_0_1_,
        buildingen0_.building_id as building4_0_1_,
        buildingen0_.building_name as building5_0_1_,
        buildingen0_.building_owner as building6_0_1_,
        buildingen0_.building_size as building7_0_1_,
        buildingen0_.building_type as building8_0_1_,
        buildingen0_.storey_number as storey_n9_0_1_,
        rooms1_.building_id as building2_2_3_,
        rooms1_.id as id1_2_3_,
        rooms1_.id as id1_2_0_,
        rooms1_.building_id as building2_2_0_,
        rooms1_.room_id as room_id3_2_0_,
        rooms1_.room_name as room_nam4_2_0_,
        rooms1_.room_temperature as room_tem5_2_0_ 
    from
        building buildingen0_ 
    left outer join
        rooms rooms1_ 
            on buildingen0_.id=rooms1_.building_id 
    where
        buildingen0_.id=?
Hibernate: 
    insert 
    into
        building
        (id, building_address, building_age, building_id, building_name, building_owner, building_size, building_type, storey_number) 
    values
        (default, ?, ?, ?, ?, ?, ?, ?, ?)
Hibernate: 
    select
        buildingen0_.id as id1_0_,
        buildingen0_.building_address as building2_0_,
        buildingen0_.building_age as building3_0_,
        buildingen0_.building_id as building4_0_,
        buildingen0_.building_name as building5_0_,
        buildingen0_.building_owner as building6_0_,
        buildingen0_.building_size as building7_0_,
        buildingen0_.building_type as building8_0_,
        buildingen0_.storey_number as storey_n9_0_ 
    from
        building buildingen0_ 
    where
        buildingen0_.building_name=?
2022-11-15 22:35:24.418  INFO 27904 --- [    Test worker] o.s.t.c.transaction.TransactionContext   : Rolled back transaction for test: [DefaultTestContext@f905f3e testClass = BuildingRepositoryTest, testInstance = com.project.smartbuidingapp.Building.BuildingRepositoryTest@178e125f, testMethod = canFindByBuildingName@BuildingRepositoryTest, testException = [null], mergedContextConfiguration = [MergedContextConfiguration@1c16b2f7 testClass = BuildingRepositoryTest, locations = '{}', classes = '{class com.project.smartbuidingapp.SmartbuidingappApplication}', contextInitializerClasses = '[]', activeProfiles = '{}', propertySourceLocations = '{}', propertySourceProperties = '{org.springframework.boot.test.autoconfigure.orm.jpa.DataJpaTestContextBootstrapper=true}', contextCustomizers = set[org.springframework.boot.test.autoconfigure.OverrideAutoConfigurationContextCustomizerFactory$DisableAutoConfigurationContextCustomizer@66629f63, org.springframework.boot.test.autoconfigure.actuate.metrics.MetricsExportContextCustomizerFactory$DisableMetricExportContextCustomizer@6b5966e1, org.springframework.boot.test.autoconfigure.filter.TypeExcludeFiltersContextCustomizer@351584c0, org.springframework.boot.test.autoconfigure.properties.PropertyMappingContextCustomizer@1e9759b8, org.springframework.boot.test.autoconfigure.web.servlet.WebDriverContextCustomizerFactory$Customizer@285d851a, [ImportsContextCustomizer@1b10963a key = [org.springframework.boot.autoconfigure.cache.CacheAutoConfiguration, org.springframework.boot.autoconfigure.data.jpa.JpaRepositoriesAutoConfiguration, org.springframework.boot.autoconfigure.flyway.FlywayAutoConfiguration, org.springframework.boot.autoconfigure.jdbc.DataSourceAutoConfiguration, org.springframework.boot.autoconfigure.jdbc.DataSourceTransactionManagerAutoConfiguration, org.springframework.boot.autoconfigure.jdbc.JdbcTemplateAutoConfiguration, org.springframework.boot.autoconfigure.liquibase.LiquibaseAutoConfiguration, org.springframework.boot.autoconfigure.orm.jpa.HibernateJpaAutoConfiguration, org.springframework.boot.autoconfigure.sql.init.SqlInitializationAutoConfiguration, org.springframework.boot.autoconfigure.transaction.TransactionAutoConfiguration, org.springframework.boot.test.autoconfigure.jdbc.TestDatabaseAutoConfiguration, org.springframework.boot.test.autoconfigure.orm.jpa.TestEntityManagerAutoConfiguration]], org.springframework.boot.test.context.filter.ExcludeFilterContextCustomizer@c9413d8, org.springframework.boot.test.json.DuplicateJsonObjectContextCustomizerFactory$DuplicateJsonObjectContextCustomizer@d78795, org.springframework.boot.test.mock.mockito.MockitoContextCustomizer@0, org.springframework.boot.test.context.SpringBootTestArgs@1, org.springframework.boot.test.context.SpringBootTestWebEnvironment@0], contextLoader = 'org.springframework.boot.test.context.SpringBootContextLoader', parent = [null]], attributes = map['org.springframework.test.context.event.ApplicationEventsTestExecutionListener.recordApplicationEvents' -> false]]
2022-11-15 22:35:24.423  INFO 27904 --- [    Test worker] o.s.t.c.transaction.TransactionContext   : Began transaction (1) for test context [DefaultTestContext@f905f3e testClass = BuildingRepositoryTest, testInstance = com.project.smartbuidingapp.Building.BuildingRepositoryTest@2e652f4e, testMethod = canFindByBuildingID@BuildingRepositoryTest, testException = [null], mergedContextConfiguration = [MergedContextConfiguration@1c16b2f7 testClass = BuildingRepositoryTest, locations = '{}', classes = '{class com.project.smartbuidingapp.SmartbuidingappApplication}', contextInitializerClasses = '[]', activeProfiles = '{}', propertySourceLocations = '{}', propertySourceProperties = '{org.springframework.boot.test.autoconfigure.orm.jpa.DataJpaTestContextBootstrapper=true}', contextCustomizers = set[org.springframework.boot.test.autoconfigure.OverrideAutoConfigurationContextCustomizerFactory$DisableAutoConfigurationContextCustomizer@66629f63, org.springframework.boot.test.autoconfigure.actuate.metrics.MetricsExportContextCustomizerFactory$DisableMetricExportContextCustomizer@6b5966e1, org.springframework.boot.test.autoconfigure.filter.TypeExcludeFiltersContextCustomizer@351584c0, org.springframework.boot.test.autoconfigure.properties.PropertyMappingContextCustomizer@1e9759b8, org.springframework.boot.test.autoconfigure.web.servlet.WebDriverContextCustomizerFactory$Customizer@285d851a, [ImportsContextCustomizer@1b10963a key = [org.springframework.boot.autoconfigure.cache.CacheAutoConfiguration, org.springframework.boot.autoconfigure.data.jpa.JpaRepositoriesAutoConfiguration, org.springframework.boot.autoconfigure.flyway.FlywayAutoConfiguration, org.springframework.boot.autoconfigure.jdbc.DataSourceAutoConfiguration, org.springframework.boot.autoconfigure.jdbc.DataSourceTransactionManagerAutoConfiguration, org.springframework.boot.autoconfigure.jdbc.JdbcTemplateAutoConfiguration, org.springframework.boot.autoconfigure.liquibase.LiquibaseAutoConfiguration, org.springframework.boot.autoconfigure.orm.jpa.HibernateJpaAutoConfiguration, org.springframework.boot.autoconfigure.sql.init.SqlInitializationAutoConfiguration, org.springframework.boot.autoconfigure.transaction.TransactionAutoConfiguration, org.springframework.boot.test.autoconfigure.jdbc.TestDatabaseAutoConfiguration, org.springframework.boot.test.autoconfigure.orm.jpa.TestEntityManagerAutoConfiguration]], org.springframework.boot.test.context.filter.ExcludeFilterContextCustomizer@c9413d8, org.springframework.boot.test.json.DuplicateJsonObjectContextCustomizerFactory$DuplicateJsonObjectContextCustomizer@d78795, org.springframework.boot.test.mock.mockito.MockitoContextCustomizer@0, org.springframework.boot.test.context.SpringBootTestArgs@1, org.springframework.boot.test.context.SpringBootTestWebEnvironment@0], contextLoader = 'org.springframework.boot.test.context.SpringBootContextLoader', parent = [null]], attributes = map['org.springframework.test.context.event.ApplicationEventsTestExecutionListener.recordApplicationEvents' -> false]]; transaction manager [org.springframework.orm.jpa.JpaTransactionManager@1387bd84]; rollback [true]
Hibernate: 
    select
        buildingen0_.id as id1_0_1_,
        buildingen0_.building_address as building2_0_1_,
        buildingen0_.building_age as building3_0_1_,
        buildingen0_.building_id as building4_0_1_,
        buildingen0_.building_name as building5_0_1_,
        buildingen0_.building_owner as building6_0_1_,
        buildingen0_.building_size as building7_0_1_,
        buildingen0_.building_type as building8_0_1_,
        buildingen0_.storey_number as storey_n9_0_1_,
        rooms1_.building_id as building2_2_3_,
        rooms1_.id as id1_2_3_,
        rooms1_.id as id1_2_0_,
        rooms1_.building_id as building2_2_0_,
        rooms1_.room_id as room_id3_2_0_,
        rooms1_.room_name as room_nam4_2_0_,
        rooms1_.room_temperature as room_tem5_2_0_ 
    from
        building buildingen0_ 
    left outer join
        rooms rooms1_ 
            on buildingen0_.id=rooms1_.building_id 
    where
        buildingen0_.id=?
Hibernate: 
    insert 
    into
        building
        (id, building_address, building_age, building_id, building_name, building_owner, building_size, building_type, storey_number) 
    values
        (default, ?, ?, ?, ?, ?, ?, ?, ?)
Hibernate: 
    select
        buildingen0_.id as id1_0_,
        buildingen0_.building_address as building2_0_,
        buildingen0_.building_age as building3_0_,
        buildingen0_.building_id as building4_0_,
        buildingen0_.building_name as building5_0_,
        buildingen0_.building_owner as building6_0_,
        buildingen0_.building_size as building7_0_,
        buildingen0_.building_type as building8_0_,
        buildingen0_.storey_number as storey_n9_0_ 
    from
        building buildingen0_ 
    where
        buildingen0_.building_id=?
2022-11-15 22:35:24.438  INFO 27904 --- [    Test worker] o.s.t.c.transaction.TransactionContext   : Rolled back transaction for test: [DefaultTestContext@f905f3e testClass = BuildingRepositoryTest, testInstance = com.project.smartbuidingapp.Building.BuildingRepositoryTest@2e652f4e, testMethod = canFindByBuildingID@BuildingRepositoryTest, testException = [null], mergedContextConfiguration = [MergedContextConfiguration@1c16b2f7 testClass = BuildingRepositoryTest, locations = '{}', classes = '{class com.project.smartbuidingapp.SmartbuidingappApplication}', contextInitializerClasses = '[]', activeProfiles = '{}', propertySourceLocations = '{}', propertySourceProperties = '{org.springframework.boot.test.autoconfigure.orm.jpa.DataJpaTestContextBootstrapper=true}', contextCustomizers = set[org.springframework.boot.test.autoconfigure.OverrideAutoConfigurationContextCustomizerFactory$DisableAutoConfigurationContextCustomizer@66629f63, org.springframework.boot.test.autoconfigure.actuate.metrics.MetricsExportContextCustomizerFactory$DisableMetricExportContextCustomizer@6b5966e1, org.springframework.boot.test.autoconfigure.filter.TypeExcludeFiltersContextCustomizer@351584c0, org.springframework.boot.test.autoconfigure.properties.PropertyMappingContextCustomizer@1e9759b8, org.springframework.boot.test.autoconfigure.web.servlet.WebDriverContextCustomizerFactory$Customizer@285d851a, [ImportsContextCustomizer@1b10963a key = [org.springframework.boot.autoconfigure.cache.CacheAutoConfiguration, org.springframework.boot.autoconfigure.data.jpa.JpaRepositoriesAutoConfiguration, org.springframework.boot.autoconfigure.flyway.FlywayAutoConfiguration, org.springframework.boot.autoconfigure.jdbc.DataSourceAutoConfiguration, org.springframework.boot.autoconfigure.jdbc.DataSourceTransactionManagerAutoConfiguration, org.springframework.boot.autoconfigure.jdbc.JdbcTemplateAutoConfiguration, org.springframework.boot.autoconfigure.liquibase.LiquibaseAutoConfiguration, org.springframework.boot.autoconfigure.orm.jpa.HibernateJpaAutoConfiguration, org.springframework.boot.autoconfigure.sql.init.SqlInitializationAutoConfiguration, org.springframework.boot.autoconfigure.transaction.TransactionAutoConfiguration, org.springframework.boot.test.autoconfigure.jdbc.TestDatabaseAutoConfiguration, org.springframework.boot.test.autoconfigure.orm.jpa.TestEntityManagerAutoConfiguration]], org.springframework.boot.test.context.filter.ExcludeFilterContextCustomizer@c9413d8, org.springframework.boot.test.json.DuplicateJsonObjectContextCustomizerFactory$DuplicateJsonObjectContextCustomizer@d78795, org.springframework.boot.test.mock.mockito.MockitoContextCustomizer@0, org.springframework.boot.test.context.SpringBootTestArgs@1, org.springframework.boot.test.context.SpringBootTestWebEnvironment@0], contextLoader = 'org.springframework.boot.test.context.SpringBootContextLoader', parent = [null]], attributes = map['org.springframework.test.context.event.ApplicationEventsTestExecutionListener.recordApplicationEvents' -> false]]
]]></system-out>
  <system-err><![CDATA[]]></system-err>
</testsuite>
