<?xml version="1.0" encoding="UTF-8"?>
<testsuite name="com.project.smartbuidingapp.Building.BuildingServiceTest" tests="1" skipped="0" failures="0" errors="0" timestamp="2022-11-03T21:54:33" hostname="DESKTOP-54COFT6" time="0.314">
  <properties/>
  <testcase name="canGetAllBuilding()" classname="com.project.smartbuidingapp.Building.BuildingServiceTest" time="0.314"/>
  <system-out><![CDATA[]]></system-out>
  <system-err><![CDATA[]]></system-err>
</testsuite>
